<?xml version="1.0" encoding="UTF-8"?>
<!-- Generated by org.testng.reporters.JUnitReportReporter -->
<testsuite skipped="0" hostname="DESKTOP-U97TI4R" name="runner.TestNGRunnerCL" tests="1" failures="0" timestamp="15 Jun 2018 09:39:02 GMT" time="50.868" errors="1">
  <testcase name="runScenario" time="50.868" classname="runner.TestNGRunnerCL">
    <error type="java.lang.RuntimeException" message="FAILED">
      <![CDATA[java.lang.RuntimeException: FAILED
	at utils.Reporter.reportStep(Reporter.java:34)
	at utils.Reporter.reportStep(Reporter.java:44)
	at wdMethods.SeMethods.click(SeMethods.java:135)
	at pages.LoginPage.clickLogin(LoginPage.java:48)
	at âœ½.click Login(src/test/java/features/CreateLead.feature:9)
]]>
    </error>
  </testcase> <!-- runScenario -->
</testsuite> <!-- runner.TestNGRunnerCL -->
